<?xml version="1.0" encoding="UTF-8"?>
<!-- Generated by org.testng.reporters.JUnitReportReporter -->
<testsuite hostname="LAPTOP-RM4DVEEJ" failures="0" tests="1" name="practice.Debasnata" time="0.026" errors="0" timestamp="2024-12-16T13:33:17 IST" skipped="0">
  <testcase classname="practice.Debasnata" name="exact_Name" time="0.026"/>
  <system-out/>
</testsuite> <!-- practice.Debasnata -->
